<?xml version="1.0" encoding="UTF-8"?>
<!-- Generated by org.testng.reporters.JUnitReportReporter -->
<testsuite skipped="0" hostname="Sirishas-MacBook-Air.local" name="com.qa.appyParking.tests.HassleFreeParkingPageTest" tests="1" failures="0" timestamp="10 Jun 2019 19:00:12 GMT" time="3.653" errors="0">
  <testcase name="HassleFreeNoThanksTest" time="3.653" classname="com.qa.appyParking.tests.HassleFreeParkingPageTest"/>
</testsuite> <!-- com.qa.appyParking.tests.HassleFreeParkingPageTest -->
