<?xml version="1.0" encoding="UTF-8"?>
<!-- Generated by org.testng.reporters.JUnitReportReporter -->
<testsuite skipped="0" hostname="Sirishas-MacBook-Air.local" name="com.qa.appyParking.tests.RegisterUserPageTest" tests="2" failures="0" timestamp="11 Jun 2019 18:41:06 GMT" time="18.811" errors="0">
  <testcase name="verifyLogoTest" time="0.216" classname="com.qa.appyParking.tests.RegisterUserPageTest"/>
  <testcase name="doRegisterCustomerTest" time="18.595" classname="com.qa.appyParking.tests.RegisterUserPageTest"/>
</testsuite> <!-- com.qa.appyParking.tests.RegisterUserPageTest -->
